<?xml version="1.0" encoding="UTF-8"?>
<!-- Generated by org.testng.reporters.JUnitReportReporter -->
<testsuite hostname="Shivansh" failures="0" tests="2" name="com.playerlist.TestClass" time="0.010" errors="0" timestamp="2023-01-25T19:25:31 IST" skipped="0">
  <testcase classname="com.playerlist.TestClass" name="checkForeignPlayer_Count" time="0.008"/>
  <system-out/>
  <testcase classname="com.playerlist.TestClass" name="checkWicketKeeperCount" time="0.002"/>
  <system-out/>
</testsuite> <!-- com.playerlist.TestClass -->
